Rows	1	2	3	4
eve_1.7-lacZ_GT	1	0	0	0
eve_1.7-lacZ	0.464607	4.90234e-12	0.0791057	3.97542e-08
eve_ftz-like_GT	1	0	0	0
eve_ftz-like	0.440878	8.92386e-08	0.390837	0.000120641
slp1_slp_B_GT	1	0	0	0
slp1_slp_B	0.418732	0.000722076	0.196718	0.0202859
CG4221_GT	1	0	0	0
CG4221	0.536343	2.52824e-11	0.0965797	1.6027e-06
tin_tinD_GT	1	0	0	0
tin_tinD	0.42693	0.00158972	0.364818	0.00609884
eve_32Bsu_GT	1	0	0	0
eve_32Bsu	0.463836	0.00194553	0.375435	0.00829406
eve_mas_GT	1	0	0	0
eve_mas	0.470714	0.212587	0.414103	0.240385
eve_200-hsp70lacZ_GT	1	0	0	0
eve_200-hsp70lacZ	0.470555	0.148785	0.393172	0.171099
cact_Lac-Z_GT	1	0	0	0
cact_Lac-Z	0.620331	2.70897e-06	0.146936	0.000981092
cact_1_GT	1	0	0	0
cact_1	0.631157	0.000551004	0.275466	0.00936472
hb_1.2_GT	1	0	0	0
hb_1.2	0.42063	2.9984e-08	0.0781293	0.000265057
tin_tinB-180_GT	1	0	0	0
tin_tinB-180	0.616121	0.0207365	0.548042	0.0597472
E(spl)_m8-0.46_GT	1	0	0	0
E(spl)_m8-0.46	0.49394	0.00403535	0.302321	0.0141884
m8.2_GT	1	0	0	0
m8.2	0.51414	2.37434e-05	0.229197	0.000648585
E(spl)_WT_SF-SR_GT	1	0	0	0
E(spl)_WT_SF-SR	0.492248	3.40165e-08	0.133825	5.48762e-05
BN002_GT	1	0	0	0
BN002	0.364079	1.17272e-13	0.0327586	4.50998e-07
ftz_3B_GT	1	0	0	0
ftz_3B	0.467239	6.88785e-13	0.0353453	0.000114936
ftz_Prox-323_GT	1	0	0	0
ftz_Prox-323	0.454806	0.0116184	0.327431	0.0368992
Ubx_pbxPB_GT	1	0	0	0
Ubx_pbxPB	0.470203	0.010963	0.242637	0.0573822
Unspecified_BN5-rt_GT	1	0	0	0
Unspecified_BN5-rt	0.400411	6.33705e-06	0.117198	0.00151971
Unspecified_BN5-lf_GT	1	0	0	0
Unspecified_BN5-lf	0.488442	1.33893e-05	0.198566	0.000717387
slp1_5-4_GT	1	0	0	0
slp1_5-4	0.494213	0.000296304	0.138557	0.00315172
slp1_u4739_GT	1	0	0	0
slp1_u4739	0.533595	0.000575716	0.212614	0.0207823
slp1_5-3_GT	1	0	0	0
slp1_5-3	0.626997	7.84776e-08	0.0991598	9.52637e-05
slp1_u1609_GT	1	0	0	0
slp1_u1609	0.404131	1.73167e-13	0.0186251	1.28253e-06
en_intron_GT	1	0	0	0
en_intron	0.432996	0.000113419	0.271236	0.00454082
Dad_dad13_GT	1	0	0	0
Dad_dad13	0.462682	2.56431e-05	0.377134	0.0003822
Dad_3525_GT	1	0	0	0
Dad_3525	0.472115	2.7372e-06	0.320593	4.86525e-05
Dad_GT	1	0	0	0
Dad	0.462682	1.95095e-05	0.371491	0.000407225
Abd-B_R15_GT	1	0	0	0
Abd-B_R15	0.418672	5.20632e-09	0.141842	0.000131664
croc_4kb_GT	1	0	0	0
croc_4kb	0.328113	3.30073e-24	0.00355977	1.25615e-09
hh_gamma1mF4_GT	1	0	0	0
hh_gamma1mF4	0.441146	0.0017829	0.545399	0.0394252
lz_MinimalCrystalCellEnhancer_GT	1	0	0	0
lz_MinimalCrystalCellEnhancer	0.442676	0.00131744	0.217865	0.0688678
Ubx_R4_GT	1	0	0	0
Ubx_R4	0.499037	6.88774e-07	0.162511	3.15692e-05
Ubx_BRE_GT	1	0	0	0
Ubx_BRE	0.461783	0.000675758	0.271398	0.00952072
eya_mesoeya_GT	1	0	0	0
eya_mesoeya	0.432931	1.09698e-05	0.184868	0.0141789
twi_PE_GT	1	0	0	0
twi_PE	0.458001	0.00200423	0.285107	0.0110744
twi_440bp_promoter_GT	1	0	0	0
twi_440bp_promoter	0.455017	0.00019248	0.260307	0.00070205
twi_1.0kb_promoter_GT	1	0	0	0
twi_1.0kb_promoter	0.436488	2.55619e-09	0.0872269	1.64425e-05
Unspecified_633_GT	1	0	0	0
Unspecified_633	0.491288	0.0398569	0.45581	0.181679
Unspecified_5278_GT	1	0	0	0
Unspecified_5278	0.462702	0.0203424	0.512307	0.0796654
Unspecified_BN35_GT	1	0	0	0
Unspecified_BN35	0.457114	9.59661e-08	0.0813392	0.00013332
btd_Ss-Ns_GT	1	0	0	0
btd_Ss-Ns	0.464556	1.866e-08	0.0580235	0.000486902
mod_5_regulatory_1050_GT	1	0	0	0
mod_5_regulatory_1050	0.45462	2.37378e-08	0.151968	0.00385491
GJ1911_GT	1	0	0	0
GJ1911	0.43802	0.0012537	0.269965	0.0159524
Ilp4_Mes3_early_embryonic_GT	1	0	0	0
Ilp4_Mes3_early_embryonic	0.47139	0.0450213	0.290361	0.104992
Doc2_7739_GT	1	0	0	0
Doc2_7739	0.468708	2.41351e-05	0.167242	0.000233744
Syx7_8977_GT	1	0	0	0
Syx7_8977	0.427275	0.00650218	0.288568	0.0194961
Doc1_7753_GT	1	0	0	0
Doc1_7753	0.495313	0.000388177	0.31664	0.00258685
ATPsyn-beta_F1ATPase-p1000_GT	1	0	0	0
ATPsyn-beta_F1ATPase-p1000	0.525096	2.25676e-06	0.4122	0.0231137
tin_tin75_GT	1	0	0	0
tin_tin75	0.468362	0.0291842	0.374176	0.276358
Unspecified_3407_GT	1	0	0	0
Unspecified_3407	0.54784	0.00730635	0.456625	0.0114234
Unspecified_2045_GT	1	0	0	0
Unspecified_2045	0.491162	0.00160136	0.321725	0.0143021
Unspecified_BN119-sm_GT	1	0	0	0
Unspecified_BN119-sm	0.450523	0.00525872	0.320076	0.0287204
dmrt11E_10563_GT	1	0	0	0
dmrt11E_10563	0.488383	0.00172781	0.445741	0.00211741
stumps_hbr_early_GT	1	0	0	0
stumps_hbr_early	0.482952	1.05875e-06	0.234477	0.00172968
Antp_4_GT	1	0	0	0
Antp_4	0.439641	1.40819e-09	0.0504325	0.00013303
Unspecified_BN106-sm_GT	1	0	0	0
Unspecified_BN106-sm	0.520784	0.00020065	0.294039	0.0152317
milt_5633_GT	1	0	0	0
milt_5633	0.47495	0.000241073	0.252772	0.00768125
Unspecified_404_GT	1	0	0	0
Unspecified_404	0.476135	0.00206686	0.388895	0.0664785
Unspecified_6053_GT	1	0	0	0
Unspecified_6053	0.488103	0.017958	0.477558	0.041829
Unspecified_BN31_GT	1	0	0	0
Unspecified_BN31	0.635587	2.74185e-05	0.296896	0.00421384
ftz_zebra_element_GT	1	0	0	0
ftz_zebra_element	0.518271	3.39347e-05	0.493323	0.00214184
Unspecified_2000_GT	1	0	0	0
Unspecified_2000	0.500657	0.000180964	0.374765	0.0182277
shi_10749_GT	1	0	0	0
shi_10749	0.447547	0.00384637	0.227955	0.0941162
Unspecified_BN121-sm_GT	1	0	0	0
Unspecified_BN121-sm	0.482789	0.0175935	0.636112	0.0477799
Ubx_2218S_GT	1	0	0	0
Ubx_2218S	0.474986	0.00293297	0.279411	0.105489
croc_7kb3prime_GT	1	0	0	0
croc_7kb3prime	0.507995	4.82498e-43	0.000388661	4.41947e-19
ush_1809/7908_GT	1	0	0	0
ush_1809/7908	0.750541	5.04726e-32	0.0013228	3.8151e-17
Doc1_7750_GT	1	0	0	0
Doc1_7750	0.4101	0.000899487	0.218933	0.00561477
Notum_cooc310_GT	1	0	0	0
Notum_cooc310	0.508034	1.17452e-08	0.23125	5.33834e-05
apt_1957_GT	1	0	0	0
apt_1957	0.459642	0.000489269	0.214841	0.00487682
Unspecified_BN58-sm_GT	1	0	0	0
Unspecified_BN58-sm	0.43391	3.53991e-06	0.3892	0.00302307
stg_b-E4.9_GT	1	0	0	0
stg_b-E4.9	0.511009	1.80152e-24	0.000645874	1.57276e-12
hkb_ventral_element_plus_NR_GT	1	0	0	0
hkb_ventral_element_plus_NR	0.459858	0.000914252	0.252335	0.0172337
sna_A1.6_GT	1	0	0	0
sna_A1.6	0.540031	4.29975e-08	0.160102	8.9997e-06
sna_VA_GT	1	0	0	0
sna_VA	0.475779	0.0021625	0.305179	0.00708501
WntD_GT	1	0	0	0
WntD	0.475229	0.00121199	0.303672	0.00604573
zen_0.7_GT	1	0	0	0
zen_0.7	0.483384	2.30197e-05	0.203919	0.000216041
T48_GT	1	0	0	0
T48	0.558542	2.33205e-11	0.0743056	6.4777e-05
twi_dl_mel_GT	1	0	0	0
twi_dl_mel	0.4407	8.61809e-10	0.0779243	2.18317e-05
stumps_ventralblastoderm_GT	1	0	0	0
stumps_ventralblastoderm	0.445581	3.44346e-11	0.0262029	6.19009e-06
sna_ShadowEnhancer_GT	1	0	0	0
sna_ShadowEnhancer	0.622159	4.46998e-07	0.399184	8.12401e-05
htl_shadow_GT	1	0	0	0
htl_shadow	0.491966	0.00051963	0.169765	0.00532978
Phm_mesoderm_GT	1	0	0	0
Phm_mesoderm	0.508852	0.024	0.346782	0.0909139
sna_dl_mel_GT	1	0	0	0
sna_dl_mel	0.556068	1.53493e-15	0.0254781	5.21348e-08
Ady43A_mesoderm_GT	1	0	0	0
Ady43A_mesoderm	0.486782	0.114338	0.388164	0.244322
VT1214.1_GT	1	0	0	0
VT1214.1	0.454257	0.0479349	0.341698	0.0506151
VT1214.2_GT	1	0	0	0
VT1214.2	0.474692	0.0220782	0.464359	0.0744571
VT9081.1_GT	1	0	0	0
VT9081.1	0.513534	0.000363826	0.385076	0.0254768
VT13663.1_GT	1	0	0	0
VT13663.1	0.460437	0.0245411	0.519091	0.081416
VT13663.2_GT	1	0	0	0
VT13663.2	0.552487	0.000137773	0.559807	0.00457798
VT13663.3_GT	1	0	0	0
VT13663.3	0.533823	0.00139771	0.346868	0.0278789
VT13669.1_GT	1	0	0	0
VT13669.1	0.473544	1.79706e-06	0.189897	0.000145599
VT13669.2_GT	1	0	0	0
VT13669.2	0.471681	0.0535898	0.449285	0.055028
VT13672.1_GT	1	0	0	0
VT13672.1	0.43277	1.0545e-11	0.0403053	1.94226e-07
VT15341.1_GT	1	0	0	0
VT15341.1	0.824937	2.53112e-09	0.358442	5.69882e-05
VT20119.1_GT	1	0	0	0
VT20119.1	0.617081	0.00121997	0.472257	0.0164231
VT21015.1_GT	1	0	0	0
VT21015.1	0.576081	2.26709e-07	0.265034	0.00114825
VT21150.1_GT	1	0	0	0
VT21150.1	0.507379	0.0148416	0.4256	0.0454752
VT21150.2_GT	1	0	0	0
VT21150.2	0.510584	1.30805e-05	0.213281	0.00144109
VT28266.1_GT	1	0	0	0
VT28266.1	0.475265	0.000229382	0.252891	0.00261316
VT28267.1_GT	1	0	0	0
VT28267.1	0.470653	0.0170935	0.338389	0.0571945
VT33785.1_GT	1	0	0	0
VT33785.1	0.448936	0.0315864	0.365051	0.24444
VT33785.2_GT	1	0	0	0
VT33785.2	0.472391	0.0139355	0.335433	0.0244206
VT33785.3_GT	1	0	0	0
VT33785.3	0.430617	8.21891e-07	0.116234	0.0035467
VT41708.1_GT	1	0	0	0
VT41708.1	0.556908	3.82671e-07	0.125396	0.0012918
VT41708.2_GT	1	0	0	0
VT41708.2	0.470282	0.00622355	0.363062	0.157175
VT42787.1_GT	1	0	0	0
VT42787.1	0.450548	7.83917e-06	0.309241	0.000540042
VT42787.2_GT	1	0	0	0
VT42787.2	0.488532	0.114946	0.399756	0.216576
VT44847.1_GT	1	0	0	0
VT44847.1	0.470113	0.119761	0.371073	0.148711
VT46221.1_GT	1	0	0	0
VT46221.1	0.468885	0.231263	0.366047	0.349604
VT46221.2_GT	1	0	0	0
VT46221.2	0.423403	0.00323036	0.426302	0.16658
VT46221.3_GT	1	0	0	0
VT46221.3	0.590105	6.79809e-06	0.260838	0.00125203
VT47317.1_GT	1	0	0	0
VT47317.1	0.488733	9.90413e-05	0.259902	0.00324423
VT50113.1_GT	1	0	0	0
VT50113.1	0.482827	9.64624e-05	0.185465	0.000783188
VT50669.1_GT	1	0	0	0
VT50669.1	0.468074	0.0751585	0.639941	0.401236
VT58194.1_GT	1	0	0	0
VT58194.1	0.380729	3.32951e-10	0.0668124	5.19962e-07
VT61926.1_GT	1	0	0	0
VT61926.1	0.524907	9.73508e-06	0.275032	0.0023868
VT61926.2_GT	1	0	0	0
VT61926.2	0.46944	0.12273	0.467614	0.218183
VT59440.1_GT	1	0	0	0
VT59440.1	0.456224	1.64019e-06	0.217147	0.00780932
VT59440.2_GT	1	0	0	0
VT59440.2	0.512899	0.041854	0.403674	0.199604
VT59440.3_GT	1	0	0	0
VT59440.3	0.474742	0.00127486	0.244335	0.0190366
VT23749.1_GT	1	0	0	0
VT23749.1	0.505629	7.18827e-13	0.158203	2.19552e-05
VT30607.1_GT	1	0	0	0
VT30607.1	0.627941	1.13e-11	0.0254279	0.000103518
VT38156.1_GT	1	0	0	0
VT38156.1	0.386667	2.52207e-13	0.0263391	1.12999e-05
VT50221.1_GT	1	0	0	0
VT50221.1	0.475864	9.27123e-15	0.0320235	4.3582e-07
VT4465.1_GT	1	0	0	0
VT4465.1	0.465353	0.19288	0.382342	0.241014
VT7843.1_GT	1	0	0	0
VT7843.1	0.483178	0.0766851	0.357591	0.195175
VT7843.2_GT	1	0	0	0
VT7843.2	0.452988	0.00255447	0.263104	0.0201364
VT7843.3_GT	1	0	0	0
VT7843.3	0.496856	0.00128711	0.350852	0.0101128
VT13039.1_GT	1	0	0	0
VT13039.1	0.515461	4.56576e-05	0.396568	0.00134244
VT13039.2_GT	1	0	0	0
VT13039.2	0.493664	1.33185e-06	0.299662	8.34005e-05
VT32891.1_GT	1	0	0	0
VT32891.1	0.421718	3.99307e-05	0.168771	0.00192262
VT32891.2_GT	1	0	0	0
VT32891.2	0.480862	0.00546996	0.278509	0.0796273
VT39547.1_GT	1	0	0	0
VT39547.1	0.819245	1.08201e-13	0.0707907	1.47499e-07
VT41694.1_GT	1	0	0	0
VT41694.1	0.41009	2.78967e-08	0.183883	0.000388166
VT41694.2_GT	1	0	0	0
VT41694.2	0.415283	0.00699011	0.307593	0.045878
VT42351.1_GT	1	0	0	0
VT42351.1	0.52918	1.29446e-05	0.591946	0.0116854
VT42351.2_GT	1	0	0	0
VT42351.2	0.429278	6.41086e-06	0.170149	0.00203168
VT45198.1_GT	1	0	0	0
VT45198.1	0.491382	0.00028319	0.726372	0.0540378
VT45198.2_GT	1	0	0	0
VT45198.2	0.480049	1.60952e-05	0.243806	0.00224958
VT46056.1_GT	1	0	0	0
VT46056.1	0.607018	0.00020159	0.279049	0.013125
VT50116.1_GT	1	0	0	0
VT50116.1	0.437754	0.00277429	0.243753	0.00941748
VT50116.2_GT	1	0	0	0
VT50116.2	0.476466	0.000404552	0.290705	0.00227337
VT50118.1_GT	1	0	0	0
VT50118.1	0.421182	0.000707222	0.21922	0.0286119
VT58198.1_GT	1	0	0	0
VT58198.1	0.454522	8.64243e-11	0.102036	2.45869e-08
VT61369.1_GT	1	0	0	0
VT61369.1	0.435656	1.5698e-06	0.308358	0.000314173
VT61369.2_GT	1	0	0	0
VT61369.2	0.457773	0.00543147	0.312575	0.229804
VT61369.3_GT	1	0	0	0
VT61369.3	0.47723	0.000562424	0.530341	0.0527173
VT65290.1_GT	1	0	0	0
VT65290.1	0.462392	1.10453e-12	0.0861302	1.65642e-06
VT5003.1_GT	1	0	0	0
VT5003.1	0.436694	3.35047e-11	0.0360448	2.76318e-07
VT8174.1_GT	1	0	0	0
VT8174.1	0.468982	1.71466e-14	0.0230234	3.48516e-05
VT10562.1_GT	1	0	0	0
VT10562.1	0.406087	9.67859e-14	0.00884332	8.75245e-06
VT12402.1_GT	1	0	0	0
VT12402.1	0.511101	6.34251e-15	0.0210983	9.50472e-07
VT43926.1_GT	1	0	0	0
VT43926.1	0.406935	3.41303e-13	0.112164	5.89417e-07
VT46299.1_GT	1	0	0	0
VT46299.1	0.396159	3.28723e-14	0.0406569	9.75177e-08
VT0812.1_GT	1	0	0	0
VT0812.1	0.511654	0.0257438	0.39894	0.0785569
VT0812.2_GT	1	0	0	0
VT0812.2	0.465261	0.0198676	0.472032	0.0456406
VT1965.1_GT	1	0	0	0
VT1965.1	0.423984	9.80401e-08	0.170927	1.39413e-05
VT3226.1_GT	1	0	0	0
VT3226.1	0.520993	0.0108795	0.459659	0.0258342
VT6383.1_GT	1	0	0	0
VT6383.1	0.469146	0.169265	0.454184	0.277556
VT6383.2_GT	1	0	0	0
VT6383.2	0.475856	0.0563732	0.410099	0.106219
VT6483.1_GT	1	0	0	0
VT6483.1	0.458183	5.74604e-06	0.106354	0.00413335
VT6483.2_GT	1	0	0	0
VT6483.2	0.48764	0.00010357	0.367294	0.0118309
VT7398.1_GT	1	0	0	0
VT7398.1	0.4326	0.0467866	0.321724	0.0837089
VT7398.2_GT	1	0	0	0
VT7398.2	0.471343	0.0066263	0.515706	0.145369
VT7398.3_GT	1	0	0	0
VT7398.3	0.495449	0.0355726	0.421713	0.124478
VT7398.4_GT	1	0	0	0
VT7398.4	0.47184	0.0149412	0.306792	0.0630727
VT7922.1_GT	1	0	0	0
VT7922.1	0.450872	1.35507e-07	0.0964243	5.12368e-05
VT7922.2_GT	1	0	0	0
VT7922.2	0.463323	3.89217e-07	0.127422	0.00164156
VT9076.1_GT	1	0	0	0
VT9076.1	0.480505	0.000290822	0.267353	0.0243361
VT9076.2_GT	1	0	0	0
VT9076.2	0.484485	0.0220452	0.407412	0.236378
VT9076.3_GT	1	0	0	0
VT9076.3	0.468421	0.177818	0.417389	0.266268
VT9084.1_GT	1	0	0	0
VT9084.1	0.499136	0.0103689	0.37713	0.0153066
VT9084.2_GT	1	0	0	0
VT9084.2	0.570044	0.0426763	0.44905	0.103447
VT14978.1_GT	1	0	0	0
VT14978.1	0.412652	1.93942e-13	0.258866	1.42073e-07
VT15828.1_GT	1	0	0	0
VT15828.1	0.508095	0.0430109	0.364817	0.14252
VT15828.2_GT	1	0	0	0
VT15828.2	0.474206	0.00704223	0.405029	0.0497378
VT15828.3_GT	1	0	0	0
VT15828.3	0.627328	0.000237062	0.467156	0.00466038
VT16119.1_GT	1	0	0	0
VT16119.1	0.482109	0.0407944	0.355368	0.0722438
VT16119.2_GT	1	0	0	0
VT16119.2	0.438974	0.00143961	0.247949	0.0328617
VT16238.1_GT	1	0	0	0
VT16238.1	0.475364	0.000124286	0.269946	0.00343547
VT16238.2_GT	1	0	0	0
VT16238.2	0.447515	7.13907e-08	0.283423	0.000424754
VT16258.1_GT	1	0	0	0
VT16258.1	0.47232	0.0966299	0.377085	0.170121
VT16258.2_GT	1	0	0	0
VT16258.2	0.422147	0.0608625	0.435993	0.103023
VT17873.1_GT	1	0	0	0
VT17873.1	0.455593	0.00223636	0.267288	0.0150365
VT17873.2_GT	1	0	0	0
VT17873.2	0.535194	1.31935e-09	0.235297	0.00046097
VT18224.1_GT	1	0	0	0
VT18224.1	0.473127	3.20456e-09	0.185648	2.71744e-05
VT18451.1_GT	1	0	0	0
VT18451.1	0.552925	0.0057262	0.579575	0.0727583
VT19841.1_GT	1	0	0	0
VT19841.1	0.438178	0.00467184	0.227344	0.0719675
VT19841.2_GT	1	0	0	0
VT19841.2	0.454915	5.70269e-06	0.27997	0.00118613
VT19895.1_GT	1	0	0	0
VT19895.1	0.478729	0.0634641	0.424669	0.146333
VT20804.1_GT	1	0	0	0
VT20804.1	0.663211	0.00617848	0.607439	0.0323288
VT20956.1_GT	1	0	0	0
VT20956.1	0.425142	1.26097e-10	0.140624	2.20762e-05
VT21791.1_GT	1	0	0	0
VT21791.1	0.582068	1.25512e-05	0.47091	0.000294333
VT21791.2_GT	1	0	0	0
VT21791.2	0.49299	0.000809496	0.389624	0.0183268
VT22019.1_GT	1	0	0	0
VT22019.1	0.692628	0.0324532	0.676353	0.164686
VT24021.1_GT	1	0	0	0
VT24021.1	0.591277	1.15357e-06	0.238534	0.000406988
VT24047.1_GT	1	0	0	0
VT24047.1	0.564162	8.84728e-09	0.243578	2.15934e-05
VT26702.1_GT	1	0	0	0
VT26702.1	0.550773	0.0489329	0.649816	0.339015
VT28544.1_GT	1	0	0	0
VT28544.1	0.521053	0.000132409	0.150506	0.00356658
VT29052.1_GT	1	0	0	0
VT29052.1	0.470367	1.09365e-12	0.032977	1.31793e-05
VT29757.1_GT	1	0	0	0
VT29757.1	0.406531	4.54551e-07	0.235576	0.000343684
VT29757.2_GT	1	0	0	0
VT29757.2	0.57638	0.0700068	0.423036	0.123799
VT30548.1_GT	1	0	0	0
VT30548.1	0.564085	0.0204107	0.270189	0.148637
VT30548.2_GT	1	0	0	0
VT30548.2	0.482099	1.88538e-06	0.146069	0.00195122
VT31552.1_GT	1	0	0	0
VT31552.1	0.469882	3.05871e-11	0.0470293	9.05969e-07
VT32275.1_GT	1	0	0	0
VT32275.1	0.608936	0.000852749	0.390874	0.00131714
VT32275.2_GT	1	0	0	0
VT32275.2	0.441256	2.96049e-06	0.102301	0.00168452
VT33002.1_GT	1	0	0	0
VT33002.1	0.458788	0.000768532	0.243385	0.136153
VT33002.2_GT	1	0	0	0
VT33002.2	0.48332	0.00122348	0.272732	0.0131994
VT33002.3_GT	1	0	0	0
VT33002.3	0.497497	0.00708351	0.260481	0.0905008
VT36575.1_GT	1	0	0	0
VT36575.1	0.458408	5.97616e-07	0.548005	0.000210147
VT36575.2_GT	1	0	0	0
VT36575.2	0.458769	0.000617179	0.325313	0.0099579
VT37508.1_GT	1	0	0	0
VT37508.1	0.594173	4.46702e-08	0.144801	7.25051e-05
VT37540.1_GT	1	0	0	0
VT37540.1	0.44977	0.00120928	0.257743	0.161456
VT37540.2_GT	1	0	0	0
VT37540.2	0.468224	2.58452e-10	0.24727	7.73636e-06
VT37560.1_GT	1	0	0	0
VT37560.1	0.555084	0.00176245	0.306532	0.0147392
VT37560.2_GT	1	0	0	0
VT37560.2	0.429128	8.1627e-05	0.222695	0.00415566
VT39513.1_GT	1	0	0	0
VT39513.1	0.470596	0.295857	0.393801	0.368405
VT39513.2_GT	1	0	0	0
VT39513.2	0.468626	0.0804566	0.427168	0.181955
VT39513.3_GT	1	0	0	0
VT39513.3	0.457161	0.000514061	0.247693	0.00702203
VT40612.1_GT	1	0	0	0
VT40612.1	0.423028	8.02203e-16	0.019429	3.14732e-08
VT41032.1_GT	1	0	0	0
VT41032.1	0.514828	0.0204976	0.456351	0.0426455
VT41281.1_GT	1	0	0	0
VT41281.1	0.510559	5.85019e-05	0.298874	0.0184794
VT41281.2_GT	1	0	0	0
VT41281.2	0.463066	0.058938	0.372651	0.109404
VT41298.1_GT	1	0	0	0
VT41298.1	0.403237	0.00192926	0.35813	0.0797792
VT41710.1_GT	1	0	0	0
VT41710.1	0.512356	7.73087e-06	0.17735	0.0098047
VT42167.1_GT	1	0	0	0
VT42167.1	0.462288	0.000117878	0.241952	0.0105827
VT42167.2_GT	1	0	0	0
VT42167.2	0.435172	0.040862	0.314673	0.237338
VT42568.1_GT	1	0	0	0
VT42568.1	0.470266	9.92015e-05	0.635748	0.0309313
VT42568.2_GT	1	0	0	0
VT42568.2	0.48068	0.00804113	0.561259	0.0749376
VT43688.1_GT	1	0	0	0
VT43688.1	0.473851	0.015698	0.38979	0.014401
VT44117.1_GT	1	0	0	0
VT44117.1	0.583697	3.22585e-10	0.075984	0.000141502
VT44117.2_GT	1	0	0	0
VT44117.2	0.465464	0.0110443	0.415416	0.19878
VT44369.1_GT	1	0	0	0
VT44369.1	0.466657	0.134446	0.406317	0.187194
VT44369.2_GT	1	0	0	0
VT44369.2	0.456087	0.0232476	0.354789	0.0850523
VT45197.1_GT	1	0	0	0
VT45197.1	0.495674	0.000138471	0.393326	0.00225627
VT45197.2_GT	1	0	0	0
VT45197.2	0.458091	0.0245949	0.387852	0.194482
VT45608.1_GT	1	0	0	0
VT45608.1	0.441277	2.00891e-11	0.0262134	1.4303e-06
VT47167.1_GT	1	0	0	0
VT47167.1	0.529456	1.45004e-10	0.217646	6.1797e-06
VT47172.1_GT	1	0	0	0
VT47172.1	0.441391	1.72658e-10	0.129876	1.64259e-07
VT47173.1_GT	1	0	0	0
VT47173.1	0.463495	8.80382e-12	0.0976803	2.33485e-06
VT47324.1_GT	1	0	0	0
VT47324.1	0.484168	0.0669133	0.340303	0.156106
VT47324.2_GT	1	0	0	0
VT47324.2	0.463026	0.0509395	0.327934	0.0306047
VT47325.1_GT	1	0	0	0
VT47325.1	0.462693	0.0226707	0.306074	0.0247183
VT47325.2_GT	1	0	0	0
VT47325.2	0.45248	0.0471101	0.4753	0.204253
VT50105.1_GT	1	0	0	0
VT50105.1	0.475597	0.00336959	0.279166	0.00440764
VT50378.1_GT	1	0	0	0
VT50378.1	0.469379	0.0688922	0.420452	0.21442
VT50378.2_GT	1	0	0	0
VT50378.2	0.502707	0.00079807	0.766684	0.0321403
VT54844.1_GT	1	0	0	0
VT54844.1	0.457828	0.037254	0.358539	0.168061
VT54844.2_GT	1	0	0	0
VT54844.2	0.431005	0.013852	0.318444	0.0208572
VT54844.3_GT	1	0	0	0
VT54844.3	0.464863	0.0152467	0.315189	0.144948
VT54845.1_GT	1	0	0	0
VT54845.1	0.516023	0.000571805	0.328116	0.0366656
VT54845.2_GT	1	0	0	0
VT54845.2	0.400175	0.0947797	0.339849	0.138211
VT56651.1_GT	1	0	0	0
VT56651.1	0.474859	0.108355	0.419277	0.206818
VT56651.2_GT	1	0	0	0
VT56651.2	0.446337	0.0119957	0.415613	0.102956
VT57358.1_GT	1	0	0	0
VT57358.1	0.463171	0.0100115	0.606983	0.103515
VT57358.2_GT	1	0	0	0
VT57358.2	0.484138	0.00256205	0.389025	0.060586
VT58911.1_GT	1	0	0	0
VT58911.1	0.503738	2.38125e-06	0.0786398	0.00224219
VT59447.1_GT	1	0	0	0
VT59447.1	0.503183	0.00251108	0.241673	0.0558076
VT59696.1_GT	1	0	0	0
VT59696.1	0.477077	0.052104	0.30486	0.0810989
VT62473.1_GT	1	0	0	0
VT62473.1	0.473649	0.0334409	0.410576	0.285833
VT62633.1_GT	1	0	0	0
VT62633.1	0.437253	8.6283e-06	0.222483	0.000912725
VT63713.1_GT	1	0	0	0
VT63713.1	0.406295	3.89807e-08	0.1966	0.000167201
VT64496.1_GT	1	0	0	0
VT64496.1	0.715267	4.8071e-10	0.164687	1.07213e-06
VT40419.1_GT	1	0	0	0
VT40419.1	0.466297	0.189541	0.379754	0.315542
VT40419.2_GT	1	0	0	0
VT40419.2	0.475201	0.113657	0.397026	0.17703
VT40419.3_GT	1	0	0	0
VT40419.3	0.473326	0.000120353	0.323541	0.016575
VT42327.1_GT	1	0	0	0
VT42327.1	0.459923	0.000353417	0.342144	0.00581684
VT64886.1_GT	1	0	0	0
VT64886.1	0.453667	0.00099514	0.248589	0.0411611
VT64886.2_GT	1	0	0	0
VT64886.2	0.468991	0.000997178	0.272119	0.01949
VT8286.1_GT	1	0	0	0
VT8286.1	0.444266	1.61087e-14	0.0416266	1.55553e-06
VT14561.1_GT	1	0	0	0
VT14561.1	0.414197	7.2806e-13	0.00844037	2.32693e-05
VT19021.1_GT	1	0	0	0
VT19021.1	0.920026	2.14721e-12	0.0921019	1.11616e-05
VT19075.1_GT	1	0	0	0
VT19075.1	0.40193	5.65242e-16	0.0631185	4.25271e-05
VT24614.1_GT	1	0	0	0
VT24614.1	0.394148	7.92978e-13	0.0226127	5.76635e-07
VT25019.1_GT	1	0	0	0
VT25019.1	0.480209	1.78012e-13	0.0150301	1.24836e-05
VT26012.1_GT	1	0	0	0
VT26012.1	0.44283	3.81529e-12	0.0302911	9.5259e-06
VT26016.1_GT	1	0	0	0
VT26016.1	0.528508	3.95893e-12	0.0114011	0.000221502
VT26019.1_GT	1	0	0	0
VT26019.1	0.590421	8.27368e-14	0.0935603	6.54795e-05
VT32110.1_GT	1	0	0	0
VT32110.1	0.435251	1.86166e-14	0.015594	1.90188e-07
VT32412.1_GT	1	0	0	0
VT32412.1	0.507644	6.41886e-14	0.0615357	4.475e-05
VT38866.1_GT	1	0	0	0
VT38866.1	0.400483	1.04182e-12	0.0325815	2.94498e-06
VT38868.1_GT	1	0	0	0
VT38868.1	0.387805	4.73753e-16	0.0206747	5.51312e-06
VT40979.1_GT	1	0	0	0
VT40979.1	0.513553	6.04095e-13	0.0552816	2.77373e-06
VT45642.1_GT	1	0	0	0
VT45642.1	0.395414	5.09461e-12	0.0139701	2.75603e-06
VT48645.1_GT	1	0	0	0
VT48645.1	0.415466	1.47102e-12	0.0341884	6.14971e-07
VT50313.1_GT	1	0	0	0
VT50313.1	0.497267	1.27191e-14	0.0573033	1.51505e-07
VT56121.1_GT	1	0	0	0
VT56121.1	0.447926	4.04109e-12	0.0467361	3.72248e-06
VT61534.1_GT	1	0	0	0
VT61534.1	0.535118	8.73171e-13	0.0179268	2.27368e-06
drl_drlZ_GT	0	1	0	0
drl_drlZ	0.562645	2.34734e-26	0.00605391	3.67079e-14
Act79B_lacZ_GT	0	1	0	0
Act79B_lacZ	0.411975	1.78332e-20	0.00355344	3.51424e-12
ko_15N/Sp-lacZ_GT	0	1	0	0
ko_15N/Sp-lacZ	0.245945	3.28621e-95	1.13592e-10	5.12556e-38
kirre_-1.0_GT	0	1	0	0
kirre_-1.0	0.446404	3.19346e-07	0.135332	0.000230782
Kr_CD1_NR_GT	0	1	0	0
Kr_CD1_NR	0.570684	1.23131e-09	0.063936	0.00166541
Kr_H/J_GT	0	1	0	0
Kr_H/J	0.428514	1.95966e-08	0.0257844	0.00164168
If_GT	0	1	0	0
If	0.573919	0.0139164	0.412121	0.0994674
betaTub60D_pw/beta3/lac-1423_GT	0	1	0	0
betaTub60D_pw/beta3/lac-1423	0.531611	6.69666e-11	0.108431	1.46165e-06
Scr_8.2XX_GT	0	1	0	0
Scr_8.2XX	0.442839	5.1499e-48	3.00276e-05	2.93321e-23
dap_dap-5-2R_GT	0	1	0	0
dap_dap-5-2R	0.590688	2.97241e-10	0.0770816	0.000281594
dve_57_GT	0	1	0	0
dve_57	0.434928	3.13121e-10	0.0580842	2.54674e-05
Mef2_III-F_GT	0	1	0	0
Mef2_III-F	0.419643	0.00137369	0.118117	0.0170277
slou_SK16_GT	0	1	0	0
slou_SK16	0.48168	6.5609e-06	0.28186	0.0116091
org-1_HN39_GT	0	1	0	0
org-1_HN39	0.480294	8.94606e-05	0.164898	0.0191918
CG4364_upstreamCRM_GT	0	1	0	0
CG4364_upstreamCRM	0.491759	0.000133649	0.263893	0.0525141
kirre_-4.6-3.8_GT	0	1	0	0
kirre_-4.6-3.8	0.46033	5.2796e-05	0.1375	0.0150013
Scr_BSR_GT	0	1	0	0
Scr_BSR	0.601873	5.21629e-74	3.39049e-09	4.82884e-33
Scr_3.7HH_GT	0	1	0	0
Scr_3.7HH	0.241448	8.80617e-155	1.0403e-15	2.82308e-62
Mhc_F2-479_GT	0	1	0	0
Mhc_F2-479	0.495092	0.000345248	0.194302	0.00555245
Mhc_F2-491_GT	0	1	0	0
Mhc_F2-491	0.441566	0.00147326	0.260741	0.0503936
Mhc_F3-522_GT	0	1	0	0
Mhc_F3-522	0.441969	0.00562553	0.187953	0.106763
fra_GT	0	1	0	0
fra	0.507122	0.0100002	0.239478	0.0444146
14-3-3zeta_upstream_GT	0	1	0	0
14-3-3zeta_upstream	0.474622	1.25449e-11	0.0856615	8.06825e-07
pb_13.0+HZR_GT	0	1	0	0
pb_13.0+HZR	0.346617	4.6055e-94	3.98016e-10	3.03095e-44
CHES-1-like_upstreamCRM_GT	0	1	0	0
CHES-1-like_upstreamCRM	0.556098	5.99448e-07	0.480491	0.00219476
jhamt_cooc102_GT	0	1	0	0
jhamt_cooc102	0.43464	5.16025e-06	0.0938464	0.010867
nrv1_5_flank_GT	0	1	0	0
nrv1_5_flank	0.375713	1.06503e-21	0.00628363	3.34082e-09
Mhc_F3-580_GT	0	1	0	0
Mhc_F3-580	0.517245	0.000857914	0.292254	0.00598745
Pdp1_1st_intron_enhancer_GT	0	1	0	0
Pdp1_1st_intron_enhancer	0.45652	1.92795e-24	0.000901138	3.25321e-11
Unspecified_965_GT	0	1	0	0
Unspecified_965	0.524618	0.026808	0.479825	0.112225
kn_knMel1599-1991_GT	0	1	0	0
kn_knMel1599-1991	0.428533	9.26785e-09	0.0908119	0.000450572
Unspecified_4725_GT	0	1	0	0
Unspecified_4725	0.468065	0.00105858	0.331589	0.0672395
VT3067.1_GT	0	1	0	0
VT3067.1	0.452577	0.130314	0.36803	0.325585
VT3067.2_GT	0	1	0	0
VT3067.2	0.458337	0.000281347	0.143326	0.0062967
VT3067.3_GT	0	1	0	0
VT3067.3	0.46123	8.03531e-09	0.0332576	0.000337643
VT23808.1_GT	0	1	0	0
VT23808.1	0.502308	0.00438795	0.461607	0.0488194
VT31567.1_GT	0	1	0	0
VT31567.1	0.462187	0.0232478	0.345771	0.0904888
VT31567.2_GT	0	1	0	0
VT31567.2	0.470026	0.109938	0.370308	0.266429
VT31567.3_GT	0	1	0	0
VT31567.3	0.467787	0.0417935	0.339317	0.119465
VT39511.1_GT	0	1	0	0
VT39511.1	0.453486	0.0126966	0.34242	0.060814
VT39511.2_GT	0	1	0	0
VT39511.2	0.51783	0.0037715	0.404704	0.0197357
VT39543.1_GT	0	1	0	0
VT39543.1	0.460396	0.000206526	0.151266	0.00421386
VT39543.2_GT	0	1	0	0
VT39543.2	0.470797	0.0394516	0.349552	0.090515
VT39543.3_GT	0	1	0	0
VT39543.3	0.450782	0.00348138	0.311558	0.0226224
VT42009.1_GT	0	1	0	0
VT42009.1	0.456026	0.00443113	0.223674	0.0199252
VT48458.1_GT	0	1	0	0
VT48458.1	0.534885	7.58001e-05	0.244477	0.00337805
VT48458.2_GT	0	1	0	0
VT48458.2	0.469028	0.0880516	0.35225	0.0626691
VT63560.1_GT	0	1	0	0
VT63560.1	0.450996	0.0013269	0.379978	0.0040354
hand_1_GT	0	0	1	0
hand_1	0.4443	0.00581432	0.416976	0.237207
VT17421.1_GT	0	0	1	0
VT17421.1	0.462742	0.00676328	0.254647	0.0753034
VT17421.2_GT	0	0	1	0
VT17421.2	0.46477	3.14534e-09	0.163873	7.83943e-05
VT62607.1_GT	0	0	1	0
VT62607.1	0.444686	0.0374627	0.403043	0.0641962
Ubx_4CRE_GT	0	0	1	0
Ubx_4CRE	0.469874	0.346608	0.464513	0.354004
Ubx_B_GT	0	0	1	0
Ubx_B	0.469874	0.229325	0.469874	0.229325
dap_dap-B_GT	0	0	1	0
dap_dap-B	0.476512	3.63142e-08	0.169887	0.00114776
dpp_dpp419_NR_GT	0	0	1	0
dpp_dpp419_NR	0.503618	0.00152712	0.311263	0.0589552
CG14687_downtreamCRM_GT	0	0	1	0
CG14687_downtreamCRM	0.431129	0.00306431	0.327415	0.149746
Scr_5.4BB_GT	0	0	1	0
Scr_5.4BB	0.349481	6.77874e-36	0.000506597	2.19034e-14
Unspecified_160_GT	0	0	1	0
Unspecified_160	0.47039	0.000110399	0.656386	0.152629
CG10641_intronicCRM_GT	0	0	1	0
CG10641_intronicCRM	0.457382	5.02039e-06	0.224334	0.00160935
Vrp1_intronicCRM_GT	0	0	1	0
Vrp1_intronicCRM	0.477812	1.23859e-08	0.566412	3.16739e-05
Con_1kb_3prime_GT	0	0	1	0
Con_1kb_3prime	0.401967	2.9159e-08	0.156397	8.74737e-05
Scr_0.8XH_GT	0	0	1	0
Scr_0.8XH	0.688532	6.72475e-06	0.216884	0.00564995
CG9663_intronicCRM_GT	0	0	1	0
CG9663_intronicCRM	0.461319	3.19062e-08	0.221332	0.000678707
ken_GT	0	0	1	0
ken	0.501811	5.30013e-07	0.468214	0.000431601
hh-PR_GT	0	0	1	0
hh-PR	0.467986	2.03413e-08	0.496196	0.000154308
dac_GT	0	0	1	0
dac	0.475042	1.15175e-06	0.580065	0.00362522
bap_FHVME_GT	0	0	1	0
bap_FHVME	0.495323	9.53593e-15	0.351681	3.0872e-06
Unspecified_4906_GT	0	0	1	0
Unspecified_4906	0.454884	0.00333846	0.231742	0.114262
HLH54F_GT	0	0	1	0
HLH54F	0.564354	4.41118e-09	0.846622	0.00580823
fd64a_eVME_GT	0	0	1	0
fd64a_eVME	0.437446	1.10014e-07	0.221895	0.00391493
dpp_P1delta2_GT	0	0	1	0
dpp_P1delta2	0.473857	1.69788e-08	0.247667	4.98008e-07
Nrt_8563_GT	0	0	1	0
Nrt_8563	0.414464	0.000222585	0.417751	0.152405
dpp_265lacZ_GT	0	0	1	0
dpp_265lacZ	0.448878	0.0249	0.64335	0.247256
dpp_674lacZ_GT	0	0	1	0
dpp_674lacZ	0.486204	5.96602e-05	0.441938	0.0260868
nkd_IntE_869_GT	0	0	1	0
nkd_IntE_869	0.527832	3.89256e-06	0.245439	0.0044088
jing_91_GT	0	0	1	0
jing_91	0.502073	0.000600022	0.315963	0.0182094
Unspecified_2347_GT	0	0	1	0
Unspecified_2347	0.443606	0.000884544	0.163473	0.0317993
mthl1_10845_GT	0	0	1	0
mthl1_10845	0.444115	9.16473e-05	0.285992	0.0213065
Unspecified_5570_GT	0	0	1	0
Unspecified_5570	0.458742	0.00287267	0.866334	0.440589
Unspecified_6028_GT	0	0	1	0
Unspecified_6028	0.443742	0.0030742	0.443949	0.099716
wg_XB_GT	0	0	1	0
wg_XB	0.427942	1.25647e-07	0.179765	4.60632e-05
Unspecified_2819_GT	0	0	1	0
Unspecified_2819	0.445395	0.000804908	0.462607	0.0306761
rst_9540_GT	0	0	1	0
rst_9540	0.46228	7.30432e-05	0.183598	0.0166811
CadN_6512_GT	0	0	1	0
CadN_6512	0.509747	0.020045	0.362589	0.052572
otp_C_GT	0	0	1	0
otp_C	0.46356	0.0172529	0.205615	0.0366844
otp_bynHindgutModule_GT	0	0	1	0
otp_bynHindgutModule	0.508806	8.63446e-11	0.0688506	8.933e-06
otp_P_GT	0	0	1	0
otp_P	0.475077	0.00188013	0.297989	0.0106258
zeta-COP_zetaCOP_prom_GT	0	0	1	0
zeta-COP_zetaCOP_prom	0.551404	3.41617e-08	0.0865281	0.000699468
Unspecified_3418_GT	0	0	1	0
Unspecified_3418	0.479359	0.00326352	0.64204	0.0981801
VT0132.1_GT	0	0	1	0
VT0132.1	0.592789	0.0245827	0.525308	0.139963
VT1488.1_GT	0	0	1	0
VT1488.1	0.458372	0.0266486	0.452665	0.244849
VT1488.2_GT	0	0	1	0
VT1488.2	0.537631	0.0064547	0.373072	0.0474043
VT1488.3_GT	0	0	1	0
VT1488.3	0.463654	0.0159954	0.373234	0.0393037
VT7077.1_GT	0	0	1	0
VT7077.1	0.445728	0.01188	0.306645	0.121597
VT8444.1_GT	0	0	1	0
VT8444.1	0.469945	3.09753e-07	0.593274	0.000573781
VT8491.1_GT	0	0	1	0
VT8491.1	0.421401	3.0981e-06	0.317171	0.0937354
VT12244.1_GT	0	0	1	0
VT12244.1	0.439768	6.40926e-06	0.439756	0.00401998
VT12786.1_GT	0	0	1	0
VT12786.1	0.502619	3.37188e-05	0.286785	0.000640846
VT14919.1_GT	0	0	1	0
VT14919.1	0.485891	8.61052e-05	0.33608	0.0261779
VT16117.1_GT	0	0	1	0
VT16117.1	0.50023	0.000119405	0.490844	0.00147008
VT16117.2_GT	0	0	1	0
VT16117.2	0.472892	0.258807	0.449235	0.310138
VT16460.1_GT	0	0	1	0
VT16460.1	0.469424	0.000797998	0.384018	0.00139428
VT16460.2_GT	0	0	1	0
VT16460.2	0.439411	0.000182191	0.618816	0.126015
VT17126.1_GT	0	0	1	0
VT17126.1	0.4633	1.53363e-09	0.0571102	2.10933e-07
VT21795.1_GT	0	0	1	0
VT21795.1	0.430696	0.00660155	0.403648	0.014939
VT21795.2_GT	0	0	1	0
VT21795.2	0.474861	0.0435139	0.887304	0.395568
VT25340.1_GT	0	0	1	0
VT25340.1	0.468197	0.0659654	0.49717	0.170804
VT25340.2_GT	0	0	1	0
VT25340.2	0.468339	0.0334811	0.54314	0.123673
VT26832.1_GT	0	0	1	0
VT26832.1	0.472273	0.000322536	0.205771	0.00771632
VT26925.1_GT	0	0	1	0
VT26925.1	0.48581	0.0127431	0.456968	0.0211874
VT26925.2_GT	0	0	1	0
VT26925.2	0.507371	0.00142431	0.362337	0.012984
VT29813.1_GT	0	0	1	0
VT29813.1	0.488675	0.127596	0.494081	0.263676
VT29813.2_GT	0	0	1	0
VT29813.2	0.47678	0.000186904	0.232697	0.0105612
VT29814.1_GT	0	0	1	0
VT29814.1	0.467273	0.174969	0.435585	0.258435
VT33905.1_GT	0	0	1	0
VT33905.1	0.560233	0.0493395	0.439765	0.100016
VT36776.1_GT	0	0	1	0
VT36776.1	0.438917	0.000303133	0.313191	0.0529898
VT36776.2_GT	0	0	1	0
VT36776.2	0.471454	0.00715049	0.330785	0.0863957
VT38221.1_GT	0	0	1	0
VT38221.1	0.479543	0.097104	0.499881	0.159178
VT38780.1_GT	0	0	1	0
VT38780.1	0.471212	0.0705168	0.503853	0.305375
VT38780.2_GT	0	0	1	0
VT38780.2	0.524156	0.00210531	0.504304	0.0632671
VT38780.3_GT	0	0	1	0
VT38780.3	0.476832	0.0188712	0.384722	0.0571258
VT40156.1_GT	0	0	1	0
VT40156.1	0.466864	8.80552e-06	0.52474	0.0125483
VT40156.2_GT	0	0	1	0
VT40156.2	0.491479	1.11413e-06	0.171872	0.000143654
VT41035.1_GT	0	0	1	0
VT41035.1	0.447948	0.180269	0.409083	0.3652
VT41037.1_GT	0	0	1	0
VT41037.1	0.466251	0.00205704	0.443795	0.00630945
VT41037.2_GT	0	0	1	0
VT41037.2	0.448818	0.00653694	0.356396	0.012284
VT41276.1_GT	0	0	1	0
VT41276.1	0.457591	0.0289031	0.605531	0.408051
VT41707.1_GT	0	0	1	0
VT41707.1	0.456939	0.0251063	0.364392	0.065393
VT41707.2_GT	0	0	1	0
VT41707.2	0.451878	2.69696e-09	0.0673736	7.82488e-06
VT42844.1_GT	0	0	1	0
VT42844.1	0.473263	0.00140745	0.305955	0.00297765
VT45583.1_GT	0	0	1	0
VT45583.1	0.481172	0.354152	0.367083	0.336429
VT45584.1_GT	0	0	1	0
VT45584.1	0.481172	0.354152	0.367083	0.336429
VT45600.1_GT	0	0	1	0
VT45600.1	0.474618	0.0511849	0.432543	0.0991573
VT45600.2_GT	0	0	1	0
VT45600.2	0.461858	0.0027945	0.338355	0.0275468
VT46053.1_GT	0	0	1	0
VT46053.1	0.478128	0.00766874	0.322222	0.0452618
VT46196.1_GT	0	0	1	0
VT46196.1	0.472568	1.04655e-07	0.366123	0.00105043
VT46196.2_GT	0	0	1	0
VT46196.2	0.44704	0.0396486	0.264535	0.172658
VT46206.1_GT	0	0	1	0
VT46206.1	0.473802	3.9828e-06	0.115496	0.000693532
VT46206.2_GT	0	0	1	0
VT46206.2	0.464288	0.0105897	0.343759	0.111388
VT50121.1_GT	0	0	1	0
VT50121.1	0.480622	0.00151639	0.592919	0.0737411
VT50121.2_GT	0	0	1	0
VT50121.2	0.492833	0.0097513	0.485557	0.0584308
VT50121.3_GT	0	0	1	0
VT50121.3	0.467257	0.142131	0.474414	0.158149
VT54835.1_GT	0	0	1	0
VT54835.1	0.434726	0.00243406	0.374235	0.0703135
VT58346.1_GT	0	0	1	0
VT58346.1	0.470637	0.147664	0.492464	0.140431
VT62915.1_GT	0	0	1	0
VT62915.1	0.4565	0.0133544	0.275492	0.226787
VT4321.1_GT	0	0	1	0
VT4321.1	0.46294	1.97415e-05	0.152228	0.00934216
VT4321.2_GT	0	0	1	0
VT4321.2	0.45279	2.75811e-06	0.491523	0.00240083
VT21840.1_GT	0	0	1	0
VT21840.1	0.434111	2.94412e-07	0.239985	0.000770372
VT32332.1_GT	0	0	1	0
VT32332.1	0.465346	0.102745	0.423461	0.230452
VT42834.1_GT	0	0	1	0
VT42834.1	0.408658	2.2092e-13	0.0710027	4.00383e-06
VT42839.1_GT	0	0	1	0
VT42839.1	0.398172	4.97792e-13	0.141446	1.94977e-06
VT45200.1_GT	0	0	1	0
VT45200.1	0.433171	5.03463e-13	0.0848691	1.34831e-05
VT46209.1_GT	0	0	1	0
VT46209.1	0.415869	0.000825608	0.264057	0.077234
VT46209.2_GT	0	0	1	0
VT46209.2	0.469046	0.0649098	0.397676	0.185207
VT61911.1_GT	0	0	1	0
VT61911.1	0.454081	0.00187898	0.440506	0.0201484
VT62606.1_GT	0	0	1	0
VT62606.1	0.505366	2.16526e-05	0.167457	0.0215918
VT62613.1_GT	0	0	1	0
VT62613.1	0.65869	0.000105273	0.278202	0.00410712
VT62613.2_GT	0	0	1	0
VT62613.2	0.733477	6.83157e-07	0.249435	0.000188587
VT0349.1_GT	0	0	1	0
VT0349.1	0.419578	1.2554e-12	0.0517773	7.52183e-07
VT0445.1_GT	0	0	1	0
VT0445.1	0.499702	3.00252e-13	0.0464648	2.894e-07
VT8823.1_GT	0	0	1	0
VT8823.1	0.3885	3.54217e-13	0.0280604	0.000109172
VT13595.1_GT	0	0	1	0
VT13595.1	0.445005	1.06898e-12	0.0360818	5.03165e-06
VT14608.1_GT	0	0	1	0
VT14608.1	0.368948	3.00012e-13	0.101576	0.000225069
VT17240.1_GT	0	0	1	0
VT17240.1	0.415822	1.17824e-13	0.0630802	1.14518e-06
VT19340.1_GT	0	0	1	0
VT19340.1	0.511999	5.23137e-14	0.201547	4.06141e-06
VT42767.1_GT	0	0	1	0
VT42767.1	0.424904	3.40318e-15	0.0891529	9.83428e-07
VT46213.1_GT	0	0	1	0
VT46213.1	0.375397	2.25482e-13	0.116626	4.63884e-06
VT48877.1_GT	0	0	1	0
VT48877.1	0.609108	2.59581e-13	0.046407	4.45237e-07
VT50247.1_GT	0	0	1	0
VT50247.1	0.415366	7.674e-16	0.114725	5.11166e-07
VT57276.1_GT	0	0	1	0
VT57276.1	0.504379	3.93885e-13	0.0631052	2.69311e-06
VT61081.1_GT	0	0	1	0
VT61081.1	0.447205	2.26849e-13	0.0247855	6.10982e-06
VT61728.1_GT	0	0	1	0
VT61728.1	0.626859	6.29889e-14	0.0457493	1.94664e-07
VT63626.1_GT	0	0	1	0
VT63626.1	0.413732	6.20676e-11	0.0497377	2.46843e-05
VT17416.1_GT	0	0	1	0
VT17416.1	0.472476	0.0735491	0.409163	0.209291
VT17416.2_GT	0	0	1	0
VT17416.2	0.492621	0.000519305	0.287488	0.00334851
VT44929.1_GT	0	0	1	0
VT44929.1	0.4395	0.101218	0.415378	0.26267
VT15305.1_GT	0	0	1	0
VT15305.1	0.397081	9.39367e-15	0.0724732	6.25592e-06
VT48643.1_GT	0	0	1	0
VT48643.1	0.545204	2.30871e-16	0.0346672	1.91938e-07
Hand_HCH_GT	0	0	0	1
Hand_HCH	0.403789	0.000103042	0.218212	0.0466464
Mef2_GE491_GT	0	0	0	1
Mef2_GE491	0.463046	0.000478802	0.348627	0.00891223
hh_4075_GT	0	0	0	1
hh_4075	0.470253	0.00192696	0.26677	0.0126806
hh_modA_GT	0	0	0	1
hh_modA	0.643315	7.36465e-11	0.0863688	5.80305e-06
Sur_SSS_GT	0	0	0	1
Sur_SSS	0.404911	0.00645137	0.25362	0.126441
Tl_Tl305_GT	0	0	0	1
Tl_Tl305	0.44723	0.0257515	0.304619	0.0909362
cact_2_GT	0	0	0	1
cact_2	0.455132	0.00170057	0.269155	0.0195205
tin_tinC_GT	0	0	0	1
tin_tinC	0.453609	0.00515419	0.524239	0.136026
tin_tin103B_GT	0	0	0	1
tin_tin103B	0.423452	1.67642e-07	0.165443	0.00100269
pyr_GT	0	0	0	1
pyr	0.429996	5.26238e-05	0.269443	0.00886931
nkd_8756_GT	0	0	0	1
nkd_8756	0.459372	0.000171731	0.339536	0.0330082
CG42342_3436_GT	0	0	0	1
CG42342_3436	0.45332	5.57933e-06	0.266143	0.000437252
18w_1625_GT	0	0	0	1
18w_1625	0.424842	0.000178949	0.297983	0.00663308
CG9894_5174_GT	0	0	0	1
CG9894_5174	0.479976	0.000239298	0.261254	0.00214095
sna_2_GT	0	0	0	1
sna_2	0.494982	0.00420181	0.398685	0.0220039
VT9666.1_GT	0	0	0	1
VT9666.1	0.477592	0.0566533	0.394064	0.203268
VT9666.2_GT	0	0	0	1
VT9666.2	0.480917	2.55659e-09	0.172984	1.23937e-05
VT14367.1_GT	0	0	0	1
VT14367.1	0.468506	0.000349803	0.192799	0.00249203
VT14367.2_GT	0	0	0	1
VT14367.2	0.462645	0.0154421	0.296854	0.0430792
VT14367.3_GT	0	0	0	1
VT14367.3	0.38962	0.00234483	0.307666	0.0270718
VT41300.1_GT	0	0	0	1
VT41300.1	0.3931	5.05042e-05	0.397524	0.0249772
VT41300.2_GT	0	0	0	1
VT41300.2	0.419074	5.91739e-07	0.265248	0.000589187
VT42372.1_GT	0	0	0	1
VT42372.1	0.427377	0.0155498	0.353511	0.0517898
VT42372.2_GT	0	0	0	1
VT42372.2	0.430942	0.000196852	0.21758	0.00321796
VT42372.3_GT	0	0	0	1
VT42372.3	0.42849	0.0142971	0.234959	0.215318
VT42846.1_GT	0	0	0	1
VT42846.1	0.455091	3.32862e-06	0.23938	0.00344096
VT42846.2_GT	0	0	0	1
VT42846.2	0.380088	0.00259595	0.231368	0.0472936
betaTub60D_b3-lac333_GT	0	0	0	1
betaTub60D_b3-lac333	0.444367	0.00971663	0.342265	0.0723255
Tg_cardiac_enhancer_GT	0	0	0	1
Tg_cardiac_enhancer	0.430973	1.68201e-06	0.0761266	0.0120595
sli_2.2_BR_GT	0	0	0	1
sli_2.2_BR	0.43083	4.72143e-14	0.0377758	2.13387e-06
lbl_heart_GT	0	0	0	1
lbl_heart	0.428723	3.27597e-13	0.140612	1.90425e-06
stg_b-E5.3_GT	0	0	0	1
stg_b-E5.3	0.36464	1.97921e-33	0.000139216	1.45472e-15
VT16973.1_GT	0	0	0	1
VT16973.1	0.463951	0.0138758	0.282332	0.0432116
VT16973.2_GT	0	0	0	1
VT16973.2	0.447597	0.0164829	0.340394	0.0871016
betaTub60D_pW/beta3/lac-1565_GT	0	0	0	1
betaTub60D_pW/beta3/lac-1565	0.50021	2.55544e-11	0.108932	6.59457e-07
cv-2_ae6_GT	0	0	0	1
cv-2_ae6	0.500575	1.81352e-15	0.017805	3.8088e-08
unpg_U1_GT	0	0	0	1
unpg_U1	0.891047	4.6362e-18	0.0574879	3.04695e-09
aop_D-lacZ_GT	0	0	0	1
aop_D-lacZ	0.544086	2.97517e-52	0.0124683	4.59458e-21
Mhc_F3-548_GT	0	0	0	1
Mhc_F3-548	0.428347	0.000734009	0.18721	0.0804285
VT7297.1_GT	0	0	0	1
VT7297.1	0.447286	0.0021179	0.294251	0.103175
VT7297.2_GT	0	0	0	1
VT7297.2	0.469277	0.0660818	0.409564	0.126661
VT8886.1_GT	0	0	0	1
VT8886.1	0.463134	0.117917	0.437931	0.32563
VT8886.2_GT	0	0	0	1
VT8886.2	0.440738	0.125014	0.44598	0.379222
VT8887.1_GT	0	0	0	1
VT8887.1	0.424904	7.4821e-09	0.479349	0.0305899
VT8887.2_GT	0	0	0	1
VT8887.2	0.469792	0.0078943	0.346728	0.111974
VT15177.1_GT	0	0	0	1
VT15177.1	0.494211	0.0173215	0.377376	0.104273
VT16423.1_GT	0	0	0	1
VT16423.1	0.438315	3.88904e-05	0.344159	0.034346
VT16423.2_GT	0	0	0	1
VT16423.2	0.480961	0.00185755	0.444056	0.016448
VT23827.1_GT	0	0	0	1
VT23827.1	0.41798	7.69324e-05	0.350933	0.0343552
VT26142.1_GT	0	0	0	1
VT26142.1	0.557186	6.66981e-10	0.179622	2.57055e-05
VT26142.2_GT	0	0	0	1
VT26142.2	0.470705	0.0249109	0.394964	0.0506792
VT26829.1_GT	0	0	0	1
VT26829.1	0.468712	0.00548006	0.309897	0.0397629
VT26829.2_GT	0	0	0	1
VT26829.2	0.465911	0.038863	0.431658	0.167461
VT29046.1_GT	0	0	0	1
VT29046.1	0.545402	3.15987e-05	0.265326	0.0174479
VT38776.1_GT	0	0	0	1
VT38776.1	0.452171	0.0246542	0.351001	0.086191
VT42874.1_GT	0	0	0	1
VT42874.1	0.510556	0.00261294	0.291108	0.00886579
VT42874.2_GT	0	0	0	1
VT42874.2	0.467109	0.124314	0.450545	0.139849
VT50134.1_GT	0	0	0	1
VT50134.1	0.464246	2.79003e-05	0.222576	0.00779023
VT50134.2_GT	0	0	0	1
VT50134.2	0.4251	0.000922215	0.214941	0.030333
VT56658.1_GT	0	0	0	1
VT56658.1	0.486649	0.0403285	0.33891	0.100256
VT58366.1_GT	0	0	0	1
VT58366.1	0.446233	0.075719	0.378853	0.142951
VT58366.2_GT	0	0	0	1
VT58366.2	0.455387	0.233866	0.347203	0.189233
VT58366.3_GT	0	0	0	1
VT58366.3	0.474732	0.013399	0.273104	0.0776878
VT45201.1_GT	0	0	0	1
VT45201.1	0.379888	9.55507e-11	0.0588328	8.82859e-06
VT5002.1_GT	0	0	0	1
VT5002.1	0.454774	1.10881e-09	0.0426934	3.05381e-05
VT6555.1_GT	0	0	0	1
VT6555.1	0.57428	4.40217e-12	0.0213628	4.3015e-06
VT26990.1_GT	0	0	0	1
VT26990.1	0.390568	4.71673e-12	0.105614	6.05227e-07
VT40039.1_GT	0	0	0	1
VT40039.1	0.412828	4.73349e-12	0.0676279	8.26176e-07
VT44694.1_GT	0	0	0	1
VT44694.1	0.470083	7.79358e-14	0.0327885	1.96353e-06
